2026-04-01 16:50:26,455 - INFO - Logging initialized. Saving to logs/al_20260401_165026.log
2026-04-01 16:50:26,539 - INFO - Processing Alabama file: 911_Board
2026-04-01 16:50:26,541 - INFO - Saved 26 records to data/al/911_Board.json
2026-04-01 16:50:26,541 - INFO - Processing Alabama file: Alcoholic_Beverage_Control_Board
2026-04-01 16:50:26,543 - INFO - Saved 25 records to data/al/Alcoholic_Beverage_Control_Board.json
2026-04-01 16:50:26,543 - INFO - Processing Alabama file: Dental_Scholarship_and_Loan_Awards_Board_of
2026-04-01 16:50:26,544 - INFO - Saved 12 records to data/al/Dental_Scholarship_and_Loan_Awards_Board_of.json
2026-04-01 16:50:26,544 - INFO - Processing Alabama file: Early_Childhood_Education_Department_of
2026-04-01 16:50:26,548 - INFO - Saved 64 records to data/al/Early_Childhood_Education_Department_of.json
2026-04-01 16:50:26,548 - INFO - Processing Alabama file: Fine_Arts_School_of
2026-04-01 16:50:26,551 - INFO - Saved 74 records to data/al/Fine_Arts_School_of.json
2026-04-01 16:50:26,551 - INFO - Processing Alabama file: Historic_Ironworks_Commission
2026-04-01 16:50:26,554 - INFO - Saved 56 records to data/al/Historic_Ironworks_Commission.json
2026-04-01 16:50:26,554 - INFO - Processing Alabama file: Law_Enforcement_Agency
2026-04-01 16:50:26,557 - INFO - Saved 9 records to data/al/Law_Enforcement_Agency.json
2026-04-01 16:50:26,557 - INFO - Processing Alabama file: Massage_Therapy_Board_of
2026-04-01 16:50:26,559 - INFO - Saved 18 records to data/al/Massage_Therapy_Board_of.json
2026-04-01 16:50:26,559 - INFO - Processing Alabama file: Multiple_Needs_Child_Office
2026-04-01 16:50:26,561 - INFO - Saved 23 records to data/al/Multiple_Needs_Child_Office.json
2026-04-01 16:50:26,561 - INFO - Processing Alabama file: Pardons_and_Paroles_Bureau_of
2026-04-01 16:50:26,564 - INFO - Saved 39 records to data/al/Pardons_and_Paroles_Bureau_of.json
