2026-04-01 17:17:37,637 - INFO - Logging initialized. Saving to logs/al_20260401_171737.log
2026-04-01 17:17:37,724 - INFO - Processing Alabama file: 911_Board
2026-04-01 17:17:37,727 - INFO - Saved 28 records to data/al/911_Board.json
2026-04-01 17:17:37,727 - INFO - Processing Alabama file: Alcoholic_Beverage_Control_Board
2026-04-01 17:17:37,730 - INFO - Saved 25 records to data/al/Alcoholic_Beverage_Control_Board.json
2026-04-01 17:17:37,730 - INFO - Processing Alabama file: Dental_Scholarship_and_Loan_Awards_Board_of
2026-04-01 17:17:37,732 - INFO - Saved 13 records to data/al/Dental_Scholarship_and_Loan_Awards_Board_of.json
2026-04-01 17:17:37,732 - INFO - Processing Alabama file: Early_Childhood_Education_Department_of
2026-04-01 17:17:37,737 - INFO - Saved 81 records to data/al/Early_Childhood_Education_Department_of.json
2026-04-01 17:17:37,737 - INFO - Processing Alabama file: Fine_Arts_School_of
2026-04-01 17:17:37,742 - INFO - Saved 79 records to data/al/Fine_Arts_School_of.json
2026-04-01 17:17:37,742 - INFO - Processing Alabama file: Historic_Ironworks_Commission
2026-04-01 17:17:37,746 - INFO - Saved 86 records to data/al/Historic_Ironworks_Commission.json
2026-04-01 17:17:37,747 - INFO - Processing Alabama file: Law_Enforcement_Agency
2026-04-01 17:17:37,754 - INFO - Saved 69 records to data/al/Law_Enforcement_Agency.json
2026-04-01 17:17:37,754 - INFO - Processing Alabama file: Massage_Therapy_Board_of
2026-04-01 17:17:37,756 - INFO - Saved 20 records to data/al/Massage_Therapy_Board_of.json
2026-04-01 17:17:37,756 - INFO - Processing Alabama file: Multiple_Needs_Child_Office
2026-04-01 17:17:37,758 - INFO - Saved 23 records to data/al/Multiple_Needs_Child_Office.json
2026-04-01 17:17:37,758 - INFO - Processing Alabama file: Pardons_and_Paroles_Bureau_of
2026-04-01 17:17:37,761 - INFO - Saved 46 records to data/al/Pardons_and_Paroles_Bureau_of.json
