2026-04-03 12:28:19,990 - INFO - Logging initialized. Saving to logs/al_20260403_122819.log
2026-04-03 12:28:20,070 - INFO - Processing Alabama file: 911_Board
2026-04-03 12:28:20,073 - INFO - Saved 28 records to data/al/911_Board.json
2026-04-03 12:28:20,073 - INFO - Processing Alabama file: Alcoholic_Beverage_Control_Board
2026-04-03 12:28:20,076 - INFO - Saved 25 records to data/al/Alcoholic_Beverage_Control_Board.json
2026-04-03 12:28:20,076 - INFO - Processing Alabama file: Dental_Scholarship_and_Loan_Awards_Board_of
2026-04-03 12:28:20,077 - INFO - Saved 13 records to data/al/Dental_Scholarship_and_Loan_Awards_Board_of.json
2026-04-03 12:28:20,077 - INFO - Processing Alabama file: Early_Childhood_Education_Department_of
2026-04-03 12:28:20,082 - INFO - Saved 81 records to data/al/Early_Childhood_Education_Department_of.json
2026-04-03 12:28:20,082 - INFO - Processing Alabama file: Fine_Arts_School_of
2026-04-03 12:28:20,086 - INFO - Saved 79 records to data/al/Fine_Arts_School_of.json
2026-04-03 12:28:20,086 - INFO - Processing Alabama file: Historic_Ironworks_Commission
2026-04-03 12:28:20,090 - INFO - Saved 86 records to data/al/Historic_Ironworks_Commission.json
2026-04-03 12:28:20,090 - INFO - Processing Alabama file: Law_Enforcement_Agency
2026-04-03 12:28:20,096 - INFO - Saved 69 records to data/al/Law_Enforcement_Agency.json
2026-04-03 12:28:20,096 - INFO - Processing Alabama file: Massage_Therapy_Board_of
2026-04-03 12:28:20,098 - INFO - Saved 20 records to data/al/Massage_Therapy_Board_of.json
2026-04-03 12:28:20,098 - INFO - Processing Alabama file: Multiple_Needs_Child_Office
2026-04-03 12:28:20,100 - INFO - Saved 23 records to data/al/Multiple_Needs_Child_Office.json
2026-04-03 12:28:20,100 - INFO - Processing Alabama file: Pardons_and_Paroles_Bureau_of
2026-04-03 12:28:20,103 - INFO - Saved 46 records to data/al/Pardons_and_Paroles_Bureau_of.json
