2026-04-01 16:45:10,401 - INFO - Logging initialized. Saving to logs/al_20260401_164510.log
2026-04-01 16:45:10,486 - INFO - Processing Alabama file: 911_Board
2026-04-01 16:45:10,488 - INFO - Saved 26 records to data/al/911_Board.json
2026-04-01 16:45:10,488 - INFO - Processing Alabama file: Alcoholic_Beverage_Control_Board
2026-04-01 16:45:10,490 - INFO - Saved 25 records to data/al/Alcoholic_Beverage_Control_Board.json
2026-04-01 16:45:10,490 - INFO - Processing Alabama file: Dental_Scholarship_and_Loan_Awards_Board_of
2026-04-01 16:45:10,491 - INFO - Saved 10 records to data/al/Dental_Scholarship_and_Loan_Awards_Board_of.json
2026-04-01 16:45:10,491 - INFO - Processing Alabama file: Early_Childhood_Education_Department_of
2026-04-01 16:45:10,494 - INFO - Saved 63 records to data/al/Early_Childhood_Education_Department_of.json
2026-04-01 16:45:10,494 - INFO - Processing Alabama file: Fine_Arts_School_of
2026-04-01 16:45:10,497 - INFO - Saved 71 records to data/al/Fine_Arts_School_of.json
2026-04-01 16:45:10,497 - INFO - Processing Alabama file: Historic_Ironworks_Commission
2026-04-01 16:45:10,499 - INFO - Saved 55 records to data/al/Historic_Ironworks_Commission.json
2026-04-01 16:45:10,499 - INFO - Processing Alabama file: Law_Enforcement_Agency
2026-04-01 16:45:10,502 - INFO - Saved 9 records to data/al/Law_Enforcement_Agency.json
2026-04-01 16:45:10,502 - INFO - Processing Alabama file: Massage_Therapy_Board_of
2026-04-01 16:45:10,503 - INFO - Saved 17 records to data/al/Massage_Therapy_Board_of.json
2026-04-01 16:45:10,503 - INFO - Processing Alabama file: Multiple_Needs_Child_Office
2026-04-01 16:45:10,504 - INFO - Saved 23 records to data/al/Multiple_Needs_Child_Office.json
2026-04-01 16:45:10,504 - INFO - Processing Alabama file: Pardons_and_Paroles_Bureau_of
2026-04-01 16:45:10,506 - INFO - Saved 40 records to data/al/Pardons_and_Paroles_Bureau_of.json
